F:\DEV\GOBLIN\GOBLINENGINE\CORE\RELEASE\VECTOR.OBJ
F:\DEV\GOBLIN\GOBLINENGINE\CORE\RELEASE\RENDERSURFACE.OBJ
F:\DEV\GOBLIN\GOBLINENGINE\CORE\RELEASE\RENDERIMAGE.OBJ
F:\DEV\GOBLIN\GOBLINENGINE\CORE\RELEASE\RECTANGLE.OBJ
F:\DEV\GOBLIN\GOBLINENGINE\CORE\RELEASE\IMAGE.OBJ
F:\DEV\GOBLIN\GOBLINENGINE\CORE\RELEASE\DEBUGSTREAM.OBJ
F:\DEV\GOBLIN\GOBLINENGINE\CORE\RELEASE\COLOR.OBJ
F:\DEV\GOBLIN\GOBLINENGINE\CORE\RELEASE\VC110.PDB
F:\DEV\GOBLIN\GOBLINENGINE\RELEASE\CORE.LIB
F:\Dev\Goblin\GoblinEngine\Core\Release\Color.obj
F:\Dev\Goblin\GoblinEngine\Core\Release\DebugStream.obj
F:\Dev\Goblin\GoblinEngine\Core\Release\Image.obj
F:\Dev\Goblin\GoblinEngine\Core\Release\Rectangle.obj
F:\Dev\Goblin\GoblinEngine\Core\Release\RenderImage.obj
F:\Dev\Goblin\GoblinEngine\Core\Release\RenderSurface.obj
F:\Dev\Goblin\GoblinEngine\Core\Release\Vector.obj
F:\Dev\Goblin\GoblinEngine\Core\Release\cl.command.1.tlog
F:\Dev\Goblin\GoblinEngine\Core\Release\CL.read.1.tlog
F:\Dev\Goblin\GoblinEngine\Core\Release\CL.write.1.tlog
F:\Dev\Goblin\GoblinEngine\Core\Release\Lib-link.read.1.tlog
F:\Dev\Goblin\GoblinEngine\Core\Release\Lib-link.write.1.tlog
F:\Dev\Goblin\GoblinEngine\Core\Release\lib.command.1.tlog
F:\Dev\Goblin\GoblinEngine\Core\Release\vc110.pdb
F:\Dev\Goblin\GoblinEngine\Release\Core.lib
