Build started 8/2/2013 6:43:28 PM.
     1>Project "F:\Dev\Goblin\GoblinEngine with SFML\Core\Core.vcxproj" on node 2 (Rebuild target(s)).
     1>ClCompile:
         C:\Program Files (x86)\Microsoft Visual Studio 11.0\VC\bin\CL.exe /c /ZI /nologo /W3 /WX- /sdl /Od /Oy- /D WIN32 /D _DEBUG /D _LIB /D _UNICODE /D UNICODE /Gm /EHsc /RTC1 /MDd /GS /fp:precise /Zc:wchar_t /Zc:forScope /Fo"Debug\\" /Fd"Debug\vc110.pdb" /doc"Debug\\" /Gd /TP /analyze- /errorReport:prompt Color.cpp DebugStream.cpp GameGrid.cpp GameGridIo.cpp GameObject.cpp GoblinObject.cpp GoblinType.cpp GoblinTypeFactory.cpp Image.cpp Rectangle.cpp RenderImage.cpp RenderSurface.cpp Vector.cpp
         Vector.cpp
         RenderSurface.cpp
         RenderImage.cpp
         Rectangle.cpp
         Image.cpp
         GoblinTypeFactory.cpp
         GoblinType.cpp
         GoblinObject.cpp
         GameObject.cpp
         GameGridIo.cpp
         GameGrid.cpp
         DebugStream.cpp
         Color.cpp
         Generating Code...
       Lib:
         C:\Program Files (x86)\Microsoft Visual Studio 11.0\VC\bin\Lib.exe /OUT:"F:\Dev\Goblin\GoblinEngine with SFML\Debug\Core.lib" /NOLOGO Debug\Color.obj
         Debug\DebugStream.obj
         Debug\GameGrid.obj
         Debug\GameGridIo.obj
         Debug\GameObject.obj
         Debug\GoblinObject.obj
         Debug\GoblinType.obj
         Debug\GoblinTypeFactory.obj
         Debug\Image.obj
         Debug\Rectangle.obj
         Debug\RenderImage.obj
         Debug\RenderSurface.obj
         Debug\Vector.obj
         Core.vcxproj -> F:\Dev\Goblin\GoblinEngine with SFML\Debug\Core.lib
       XdcMake:
         C:\Program Files (x86)\Microsoft Visual Studio 11.0\VC\bin\xdcmake.exe /old "Core" /nologo /Fo"F:\Dev\Goblin\GoblinEngine with SFML\Debug\Core.xml" /FsDebug\Color.xdc /FsDebug\DebugStream.xdc /FsDebug\GameGrid.xdc /FsDebug\GameGridIo.xdc /FsDebug\GameObject.xdc /FsDebug\GoblinObject.xdc /FsDebug\GoblinType.xdc /FsDebug\GoblinTypeFactory.xdc /FsDebug\Image.xdc /FsDebug\Rectangle.xdc /FsDebug\RenderImage.xdc /FsDebug\RenderSurface.xdc /FsDebug\Vector.xdc
     1>Done Building Project "F:\Dev\Goblin\GoblinEngine with SFML\Core\Core.vcxproj" (Rebuild target(s)).

Build succeeded.

Time Elapsed 00:00:10.24
