F:\DEV\GOBLIN\GOBLINENGINE WITH SFML\CORE\DEBUG\COLOR.OBJ
F:\DEV\GOBLIN\GOBLINENGINE WITH SFML\CORE\DEBUG\DEBUGSTREAM.OBJ
F:\DEV\GOBLIN\GOBLINENGINE WITH SFML\CORE\DEBUG\IMAGE.OBJ
F:\DEV\GOBLIN\GOBLINENGINE WITH SFML\CORE\DEBUG\RECTANGLE.OBJ
F:\DEV\GOBLIN\GOBLINENGINE WITH SFML\CORE\DEBUG\RENDERIMAGE.OBJ
F:\DEV\GOBLIN\GOBLINENGINE WITH SFML\CORE\DEBUG\RENDERSURFACE.OBJ
F:\DEV\GOBLIN\GOBLINENGINE WITH SFML\CORE\DEBUG\VECTOR.OBJ
F:\DEV\GOBLIN\GOBLINENGINE WITH SFML\CORE\DEBUG\VC110.PDB
F:\DEV\GOBLIN\GOBLINENGINE WITH SFML\CORE\DEBUG\VECTOR.XDC
F:\DEV\GOBLIN\GOBLINENGINE WITH SFML\CORE\DEBUG\RENDERSURFACE.XDC
F:\DEV\GOBLIN\GOBLINENGINE WITH SFML\CORE\DEBUG\RENDERIMAGE.XDC
F:\DEV\GOBLIN\GOBLINENGINE WITH SFML\CORE\DEBUG\RECTANGLE.XDC
F:\DEV\GOBLIN\GOBLINENGINE WITH SFML\CORE\DEBUG\IMAGE.XDC
F:\DEV\GOBLIN\GOBLINENGINE WITH SFML\CORE\DEBUG\GAMEGRIDIO.XDC
F:\DEV\GOBLIN\GOBLINENGINE WITH SFML\CORE\DEBUG\DEBUGSTREAM.XDC
F:\DEV\GOBLIN\GOBLINENGINE WITH SFML\CORE\DEBUG\COLOR.XDC
F:\DEV\GOBLIN\GOBLINENGINE WITH SFML\CORE\DEBUG\GAMEGRIDIO.OBJ
F:\DEV\GOBLIN\GOBLINENGINE WITH SFML\CORE\DEBUG\GOBLINTYPE.XDC
F:\DEV\GOBLIN\GOBLINENGINE WITH SFML\CORE\DEBUG\GOBLINTYPE.OBJ
F:\DEV\GOBLIN\GOBLINENGINE WITH SFML\CORE\DEBUG\GAMEOBJECT.XDC
F:\DEV\GOBLIN\GOBLINENGINE WITH SFML\CORE\DEBUG\GAMEOBJECT.OBJ
F:\DEV\GOBLIN\GOBLINENGINE WITH SFML\CORE\DEBUG\GAMEGRID.XDC
F:\DEV\GOBLIN\GOBLINENGINE WITH SFML\CORE\DEBUG\GAMEGRID.OBJ
F:\DEV\GOBLIN\GOBLINENGINE WITH SFML\CORE\DEBUG\GOBLINOBJECT.XDC
F:\DEV\GOBLIN\GOBLINENGINE WITH SFML\CORE\DEBUG\GOBLINOBJECT.OBJ
F:\DEV\GOBLIN\GOBLINENGINE WITH SFML\CORE\DEBUG\GOBLINTYPEFACTORY.XDC
F:\DEV\GOBLIN\GOBLINENGINE WITH SFML\DEBUG\CORE.LIB
F:\DEV\GOBLIN\GOBLINENGINE WITH SFML\DEBUG\CORE.XML
F:\Dev\Goblin\GoblinEngine with SFML\Core\Debug\Color.obj
F:\Dev\Goblin\GoblinEngine with SFML\Core\Debug\DebugStream.obj
F:\Dev\Goblin\GoblinEngine with SFML\Core\Debug\GameGrid.obj
F:\Dev\Goblin\GoblinEngine with SFML\Core\Debug\GameGridIo.obj
F:\Dev\Goblin\GoblinEngine with SFML\Core\Debug\GameObject.obj
F:\Dev\Goblin\GoblinEngine with SFML\Core\Debug\GoblinObject.obj
F:\Dev\Goblin\GoblinEngine with SFML\Core\Debug\GoblinType.obj
F:\Dev\Goblin\GoblinEngine with SFML\Core\Debug\Image.obj
F:\Dev\Goblin\GoblinEngine with SFML\Core\Debug\Rectangle.obj
F:\Dev\Goblin\GoblinEngine with SFML\Core\Debug\RenderImage.obj
F:\Dev\Goblin\GoblinEngine with SFML\Core\Debug\RenderSurface.obj
F:\Dev\Goblin\GoblinEngine with SFML\Core\Debug\Vector.obj
F:\Dev\Goblin\GoblinEngine with SFML\Core\Debug\cl.command.1.tlog
F:\Dev\Goblin\GoblinEngine with SFML\Core\Debug\CL.read.1.tlog
F:\Dev\Goblin\GoblinEngine with SFML\Core\Debug\CL.write.1.tlog
F:\Dev\Goblin\GoblinEngine with SFML\Core\Debug\Lib-link.read.1.tlog
F:\Dev\Goblin\GoblinEngine with SFML\Core\Debug\Lib-link.write.1.tlog
F:\Dev\Goblin\GoblinEngine with SFML\Core\Debug\lib.command.1.tlog
F:\Dev\Goblin\GoblinEngine with SFML\Core\Debug\XDCMake.command.1.tlog
F:\Dev\Goblin\GoblinEngine with SFML\Core\Debug\xdcmake.read.1.tlog
F:\Dev\Goblin\GoblinEngine with SFML\Core\Debug\xdcmake.write.1.tlog
F:\Dev\Goblin\GoblinEngine with SFML\Core\Debug\vc110.idb
F:\Dev\Goblin\GoblinEngine with SFML\Core\Debug\Color.xdc
F:\Dev\Goblin\GoblinEngine with SFML\Core\Debug\DebugStream.xdc
F:\Dev\Goblin\GoblinEngine with SFML\Core\Debug\GameGrid.xdc
F:\Dev\Goblin\GoblinEngine with SFML\Core\Debug\GameGridIo.xdc
F:\Dev\Goblin\GoblinEngine with SFML\Core\Debug\GameObject.xdc
F:\Dev\Goblin\GoblinEngine with SFML\Core\Debug\GoblinObject.xdc
F:\Dev\Goblin\GoblinEngine with SFML\Core\Debug\GoblinType.xdc
F:\Dev\Goblin\GoblinEngine with SFML\Core\Debug\GoblinTypeFactory.xdc
F:\Dev\Goblin\GoblinEngine with SFML\Core\Debug\Image.xdc
F:\Dev\Goblin\GoblinEngine with SFML\Core\Debug\Rectangle.xdc
F:\Dev\Goblin\GoblinEngine with SFML\Core\Debug\RenderImage.xdc
F:\Dev\Goblin\GoblinEngine with SFML\Core\Debug\RenderSurface.xdc
F:\Dev\Goblin\GoblinEngine with SFML\Core\Debug\Vector.xdc
F:\Dev\Goblin\GoblinEngine with SFML\Core\Debug\vc110.pdb
F:\Dev\Goblin\GoblinEngine with SFML\Debug\Core.lib
