F:\DEV\GOBLIN\GOBLINENGINE\GOBLINENGINE\DEBUG\MAIN.OBJ
F:\DEV\GOBLIN\GOBLINENGINE\GOBLINENGINE\DEBUG\VC110.PDB
F:\DEV\GOBLIN\GOBLINENGINE WITH SFML\GOBLINENGINE\DEBUG\VC110.PDB
F:\DEV\GOBLIN\GOBLINENGINE WITH SFML\GOBLINENGINE\DEBUG\MAIN.OBJ
F:\DEV\GOBLIN\GOBLINENGINE\DEBUG\GOBLINENGINE.ILK
F:\DEV\GOBLIN\GOBLINENGINE\DEBUG\GOBLINENGINE.EXE
F:\DEV\GOBLIN\GOBLINENGINE\DEBUG\GOBLINENGINE.PDB
F:\DEV\GOBLIN\GOBLINENGINE WITH SFML\DEBUG\GOBLINENGINE.ILK
F:\DEV\GOBLIN\GOBLINENGINE WITH SFML\DEBUG\GOBLINENGINE.EXE
F:\DEV\GOBLIN\GOBLINENGINE WITH SFML\DEBUG\GOBLINENGINE.PDB
F:\Dev\Goblin\GoblinEngine with SFML\GoblinEngine\Debug\GoblinEngine.vcxprojResolveAssemblyReference.cache
F:\Dev\Goblin\GoblinEngine with SFML\GoblinEngine\Debug\main.obj
F:\Dev\Goblin\GoblinEngine with SFML\GoblinEngine\Debug\cl.command.1.tlog
F:\Dev\Goblin\GoblinEngine with SFML\GoblinEngine\Debug\CL.read.1.tlog
F:\Dev\Goblin\GoblinEngine with SFML\GoblinEngine\Debug\CL.write.1.tlog
F:\Dev\Goblin\GoblinEngine with SFML\GoblinEngine\Debug\link-cvtres.read.1.tlog
F:\Dev\Goblin\GoblinEngine with SFML\GoblinEngine\Debug\link-cvtres.write.1.tlog
F:\Dev\Goblin\GoblinEngine with SFML\GoblinEngine\Debug\link-rc.read.1.tlog
F:\Dev\Goblin\GoblinEngine with SFML\GoblinEngine\Debug\link-rc.write.1.tlog
F:\Dev\Goblin\GoblinEngine with SFML\GoblinEngine\Debug\link.5536-cvtres.read.1.tlog
F:\Dev\Goblin\GoblinEngine with SFML\GoblinEngine\Debug\link.5536-cvtres.write.1.tlog
F:\Dev\Goblin\GoblinEngine with SFML\GoblinEngine\Debug\link.5536-rc.read.1.tlog
F:\Dev\Goblin\GoblinEngine with SFML\GoblinEngine\Debug\link.5536-rc.write.1.tlog
F:\Dev\Goblin\GoblinEngine with SFML\GoblinEngine\Debug\link.5536.read.1.tlog
F:\Dev\Goblin\GoblinEngine with SFML\GoblinEngine\Debug\link.5536.write.1.tlog
F:\Dev\Goblin\GoblinEngine with SFML\GoblinEngine\Debug\link.command.1.tlog
F:\Dev\Goblin\GoblinEngine with SFML\GoblinEngine\Debug\link.read.1.tlog
F:\Dev\Goblin\GoblinEngine with SFML\GoblinEngine\Debug\link.read.3.tlog
F:\Dev\Goblin\GoblinEngine with SFML\GoblinEngine\Debug\link.write.1.tlog
F:\Dev\Goblin\GoblinEngine with SFML\GoblinEngine\Debug\vc110.idb
F:\Dev\Goblin\GoblinEngine with SFML\GoblinEngine\Debug\vc110.pdb
F:\Dev\Goblin\GoblinEngine with SFML\Debug\GoblinEngine.pdb
F:\Dev\Goblin\GoblinEngine with SFML\Debug\GoblinEngine.exe
F:\Dev\Goblin\GoblinEngine with SFML\Debug\GoblinEngine.ilk
