F:\DEV\GOBLIN\GOBLINENGINE\WINDOWMANAGER\RELEASE\WINDOWMANAGER.OBJ
F:\DEV\GOBLIN\GOBLINENGINE\WINDOWMANAGER\RELEASE\UIELEMENT.OBJ
F:\DEV\GOBLIN\GOBLINENGINE\WINDOWMANAGER\RELEASE\UICONTAINER.OBJ
F:\DEV\GOBLIN\GOBLINENGINE\WINDOWMANAGER\RELEASE\UITEXTBASE.OBJ
F:\DEV\GOBLIN\GOBLINENGINE\WINDOWMANAGER\RELEASE\UIPANEL.OBJ
F:\DEV\GOBLIN\GOBLINENGINE\WINDOWMANAGER\RELEASE\UIBORDER.OBJ
F:\DEV\GOBLIN\GOBLINENGINE\WINDOWMANAGER\RELEASE\VC110.PDB
F:\DEV\GOBLIN\GOBLINENGINE\RELEASE\GAMEUI.LIB
F:\Dev\Goblin\GoblinEngine\WindowManager\Release\WindowManager.vcxprojResolveAssemblyReference.cache
F:\Dev\Goblin\GoblinEngine\WindowManager\Release\UiBorder.obj
F:\Dev\Goblin\GoblinEngine\WindowManager\Release\UiContainer.obj
F:\Dev\Goblin\GoblinEngine\WindowManager\Release\UiElement.obj
F:\Dev\Goblin\GoblinEngine\WindowManager\Release\UiPanel.obj
F:\Dev\Goblin\GoblinEngine\WindowManager\Release\UiTextBase.obj
F:\Dev\Goblin\GoblinEngine\WindowManager\Release\WindowManager.obj
F:\Dev\Goblin\GoblinEngine\WindowManager\Release\cl.command.1.tlog
F:\Dev\Goblin\GoblinEngine\WindowManager\Release\CL.read.1.tlog
F:\Dev\Goblin\GoblinEngine\WindowManager\Release\CL.write.1.tlog
F:\Dev\Goblin\GoblinEngine\WindowManager\Release\Lib-link.read.1.tlog
F:\Dev\Goblin\GoblinEngine\WindowManager\Release\Lib-link.write.1.tlog
F:\Dev\Goblin\GoblinEngine\WindowManager\Release\lib.command.1.tlog
F:\Dev\Goblin\GoblinEngine\WindowManager\Release\vc110.pdb
F:\Dev\Goblin\GoblinEngine\Release\GameUI.lib
