F:\DEV\GOBLIN\GOBLINENGINE\WINDOWMANAGER\DEBUG\UIBORDER.OBJ
F:\DEV\GOBLIN\GOBLINENGINE\WINDOWMANAGER\DEBUG\UIPANEL.OBJ
F:\DEV\GOBLIN\GOBLINENGINE\WINDOWMANAGER\DEBUG\UITEXTBASE.OBJ
F:\DEV\GOBLIN\GOBLINENGINE\WINDOWMANAGER\DEBUG\UICONTAINER.OBJ
F:\DEV\GOBLIN\GOBLINENGINE\WINDOWMANAGER\DEBUG\UIELEMENT.OBJ
F:\DEV\GOBLIN\GOBLINENGINE\WINDOWMANAGER\DEBUG\WINDOWMANAGER.OBJ
F:\DEV\GOBLIN\GOBLINENGINE\WINDOWMANAGER\DEBUG\VC110.PDB
F:\DEV\GOBLIN\GOBLINENGINE WITH SFML\GAMEUI\DEBUG\UIBORDER.OBJ
F:\DEV\GOBLIN\GOBLINENGINE WITH SFML\GAMEUI\DEBUG\UIPANEL.OBJ
F:\DEV\GOBLIN\GOBLINENGINE WITH SFML\GAMEUI\DEBUG\UITEXTBASE.OBJ
F:\DEV\GOBLIN\GOBLINENGINE WITH SFML\GAMEUI\DEBUG\UICONTAINER.OBJ
F:\DEV\GOBLIN\GOBLINENGINE WITH SFML\GAMEUI\DEBUG\UIELEMENT.OBJ
F:\DEV\GOBLIN\GOBLINENGINE WITH SFML\GAMEUI\DEBUG\WINDOWMANAGER.OBJ
F:\DEV\GOBLIN\GOBLINENGINE WITH SFML\GAMEUI\DEBUG\VC110.PDB
F:\DEV\GOBLIN\GOBLINENGINE\DEBUG\GAMEUI.LIB
F:\DEV\GOBLIN\GOBLINENGINE WITH SFML\DEBUG\GAMEUI.LIB
F:\Dev\Goblin\GoblinEngine with SFML\GameUI\Debug\GameUI.vcxprojResolveAssemblyReference.cache
F:\Dev\Goblin\GoblinEngine with SFML\GameUI\Debug\WindowManager.vcxprojResolveAssemblyReference.cache
F:\Dev\Goblin\GoblinEngine with SFML\GameUI\Debug\UiBorder.obj
F:\Dev\Goblin\GoblinEngine with SFML\GameUI\Debug\UiContainer.obj
F:\Dev\Goblin\GoblinEngine with SFML\GameUI\Debug\UiElement.obj
F:\Dev\Goblin\GoblinEngine with SFML\GameUI\Debug\UiPanel.obj
F:\Dev\Goblin\GoblinEngine with SFML\GameUI\Debug\UiTextBase.obj
F:\Dev\Goblin\GoblinEngine with SFML\GameUI\Debug\WindowManager.obj
F:\Dev\Goblin\GoblinEngine with SFML\GameUI\Debug\cl.command.1.tlog
F:\Dev\Goblin\GoblinEngine with SFML\GameUI\Debug\CL.read.1.tlog
F:\Dev\Goblin\GoblinEngine with SFML\GameUI\Debug\CL.write.1.tlog
F:\Dev\Goblin\GoblinEngine with SFML\GameUI\Debug\Lib-link.read.1.tlog
F:\Dev\Goblin\GoblinEngine with SFML\GameUI\Debug\Lib-link.write.1.tlog
F:\Dev\Goblin\GoblinEngine with SFML\GameUI\Debug\lib.command.1.tlog
F:\Dev\Goblin\GoblinEngine with SFML\GameUI\Debug\vc110.idb
F:\Dev\Goblin\GoblinEngine with SFML\GameUI\Debug\vc110.pdb
F:\Dev\Goblin\GoblinEngine with SFML\Debug\GameUI.lib
