Build started 7/30/2013 9:08:03 PM.
     1>Project "F:\Dev\Goblin\GoblinEngine with SFML\GameUI\GameUI.vcxproj" on node 2 (Build target(s)).
     1>ClCompile:
         C:\Program Files (x86)\Microsoft Visual Studio 11.0\VC\bin\CL.exe /c /ZI /nologo /W3 /WX- /sdl /Od /Oy- /D SFML_STATIC /D WIN32 /D _DEBUG /D _LIB /D _UNICODE /D UNICODE /Gm /EHsc /RTC1 /MDd /GS /fp:precise /Zc:wchar_t /Zc:forScope /Fo"Debug\\" /Fd"Debug\vc110.pdb" /Gd /TP /analyze- /errorReport:prompt UiTextBase.cpp
         UiTextBase.cpp
       Lib:
         C:\Program Files (x86)\Microsoft Visual Studio 11.0\VC\bin\Lib.exe /OUT:"F:\Dev\Goblin\GoblinEngine with SFML\Debug\GameUI.lib" "sfml-graphics-s-d.lib" "sfml-window-s-d.lib" "sfml-system-s-d.lib" /NOLOGO Debug\UiBorder.obj
         Debug\UiPanel.obj
         Debug\UiText.obj
         Debug\UiTextBase.obj
         Debug\UiContainer.obj
         Debug\UiElement.obj
         Debug\WindowManager.obj
     1>sfml-window-s-d.lib(WINMM.dll) : warning LNK4006: __NULL_IMPORT_DESCRIPTOR already defined in sfml-window-s-d.lib(GDI32.dll); second definition ignored
     1>sfml-window-s-d.lib(WINMM.dll) : warning LNK4221: This object file does not define any previously undefined public symbols, so it will not be used by any link operation that consumes this library
     1>sfml-window-s-d.lib(OPENGL32.dll) : warning LNK4006: __NULL_IMPORT_DESCRIPTOR already defined in sfml-window-s-d.lib(GDI32.dll); second definition ignored
     1>sfml-window-s-d.lib(OPENGL32.dll) : warning LNK4221: This object file does not define any previously undefined public symbols, so it will not be used by any link operation that consumes this library
         GameUI.vcxproj -> F:\Dev\Goblin\GoblinEngine with SFML\Debug\GameUI.lib
     1>Done Building Project "F:\Dev\Goblin\GoblinEngine with SFML\GameUI\GameUI.vcxproj" (Build target(s)).

Build succeeded.

Time Elapsed 00:00:02.88
