Build started 7/27/2013 4:17:38 PM.
     1>Project "F:\Dev\Goblin\GoblinEngine\WindowManager\WindowManager.vcxproj" on node 2 (Build target(s)).
     1>ClCompile:
         C:\Program Files (x86)\Microsoft Visual Studio 11.0\VC\bin\CL.exe /c /ZI /nologo /W3 /WX- /sdl /Od /Oy- /D WIN32 /D _DEBUG /D _LIB /D _UNICODE /D UNICODE /Gm /EHsc /RTC1 /MDd /GS /fp:precise /Zc:wchar_t /Zc:forScope /Fo"Debug\\" /Fd"Debug\vc110.pdb" /Gd /TP /analyze- /errorReport:prompt UiBorder.cpp UiPanel.cpp UiTextBase.cpp UiContainer.cpp UiElement.cpp WindowManager.cpp
         WindowManager.cpp
         UiElement.cpp
         UiContainer.cpp
         UiTextBase.cpp
         UiPanel.cpp
         UiBorder.cpp
         Generating Code...
       Lib:
         C:\Program Files (x86)\Microsoft Visual Studio 11.0\VC\bin\Lib.exe /OUT:"F:\Dev\Goblin\GoblinEngine\Debug\GameUI.lib" /NOLOGO Debug\UiBorder.obj
         Debug\UiPanel.obj
         Debug\UiTextBase.obj
         Debug\UiContainer.obj
         Debug\UiElement.obj
         Debug\WindowManager.obj
         WindowManager.vcxproj -> F:\Dev\Goblin\GoblinEngine\Debug\GameUI.lib
     1>Done Building Project "F:\Dev\Goblin\GoblinEngine\WindowManager\WindowManager.vcxproj" (Build target(s)).

Build succeeded.

Time Elapsed 00:00:02.95
